<?xml version="1.0" encoding="UTF-8"?>
<!-- Generated by org.testng.reporters.JUnitReportReporter -->
<testsuite hostname="DESKTOP-ISROUPP" failures="0" tests="1" name="demo.Test1" time="18.187" errors="0" timestamp="2022-10-20T20:41:37 IST" skipped="0">
  <testcase classname="demo.Test1" name="test1" time="18.187"/>
  <system-out/>
</testsuite> <!-- demo.Test1 -->
